0 info it worked if it ends with ok
1 verbose cli [ '/usr/local/bin/node',
1 verbose cli   '/usr/local/bin/npm',
1 verbose cli   'run',
1 verbose cli   'test:coverage' ]
2 info using npm@3.10.10
3 info using node@v6.11.2
4 verbose run-script [ 'pretest:coverage', 'test:coverage', 'posttest:coverage' ]
5 info lifecycle post-it-app@1.0.0~pretest:coverage: post-it-app@1.0.0
6 silly lifecycle post-it-app@1.0.0~pretest:coverage: no script for pretest:coverage, continuing
7 info lifecycle post-it-app@1.0.0~test:coverage: post-it-app@1.0.0
8 verbose lifecycle post-it-app@1.0.0~test:coverage: unsafe-perm in lifecycle true
9 verbose lifecycle post-it-app@1.0.0~test:coverage: PATH: /usr/local/lib/node_modules/npm/bin/node-gyp-bin:/Users/andeladeveloper/Desktop/post-it-app-2/node_modules/.bin:/usr/local/bin:/usr/bin:/bin:/usr/sbin:/sbin
10 verbose lifecycle post-it-app@1.0.0~test:coverage: CWD: /Users/andeladeveloper/Desktop/post-it-app-2
11 silly lifecycle post-it-app@1.0.0~test:coverage: Args: [ '-c', 'jest --coverage' ]
12 silly lifecycle post-it-app@1.0.0~test:coverage: Returned: code: 1  signal: null
13 info lifecycle post-it-app@1.0.0~test:coverage: Failed to exec test:coverage script
14 verbose stack Error: post-it-app@1.0.0 test:coverage: `jest --coverage`
14 verbose stack Exit status 1
14 verbose stack     at EventEmitter.<anonymous> (/usr/local/lib/node_modules/npm/lib/utils/lifecycle.js:255:16)
14 verbose stack     at emitTwo (events.js:106:13)
14 verbose stack     at EventEmitter.emit (events.js:191:7)
14 verbose stack     at ChildProcess.<anonymous> (/usr/local/lib/node_modules/npm/lib/utils/spawn.js:40:14)
14 verbose stack     at emitTwo (events.js:106:13)
14 verbose stack     at ChildProcess.emit (events.js:191:7)
14 verbose stack     at maybeClose (internal/child_process.js:891:16)
14 verbose stack     at Process.ChildProcess._handle.onexit (internal/child_process.js:226:5)
15 verbose pkgid post-it-app@1.0.0
16 verbose cwd /Users/andeladeveloper/Desktop/post-it-app-2
17 error Darwin 16.7.0
18 error argv "/usr/local/bin/node" "/usr/local/bin/npm" "run" "test:coverage"
19 error node v6.11.2
20 error npm  v3.10.10
21 error code ELIFECYCLE
22 error post-it-app@1.0.0 test:coverage: `jest --coverage`
22 error Exit status 1
23 error Failed at the post-it-app@1.0.0 test:coverage script 'jest --coverage'.
23 error Make sure you have the latest version of node.js and npm installed.
23 error If you do, this is most likely a problem with the post-it-app package,
23 error not with npm itself.
23 error Tell the author that this fails on your system:
23 error     jest --coverage
23 error You can get information on how to open an issue for this project with:
23 error     npm bugs post-it-app
23 error Or if that isn't available, you can get their info via:
23 error     npm owner ls post-it-app
23 error There is likely additional logging output above.
24 verbose exit [ 1, true ]
